{"/Users/ngnice/whjway/极客时间/webpack/chaptor03/builder-config-webpack/lib/webpack.base.js":{"path":"/Users/ngnice/whjway/极客时间/webpack/chaptor03/builder-config-webpack/lib/webpack.base.js","s":{"1":1,"2":1,"3":1,"4":1,"5":1,"6":1,"7":1,"8":1,"9":1,"10":1,"11":1,"12":1,"13":2,"14":2,"15":2,"16":2,"17":1,"18":1,"19":1},"b":{"1":[2,2]},"f":{},"fnMap":{},"statementMap":{"1":{"start":{"line":1,"column":0},"end":{"line":1,"column":29}},"2":{"start":{"line":2,"column":0},"end":{"line":2,"column":29}},"3":{"start":{"line":3,"column":0},"end":{"line":3,"column":59}},"4":{"start":{"line":4,"column":0},"end":{"line":4,"column":57}},"5":{"start":{"line":5,"column":0},"end":{"line":5,"column":78}},"6":{"start":{"line":6,"column":0},"end":{"line":6,"column":64}},"7":{"start":{"line":9,"column":0},"end":{"line":9,"column":34}},"8":{"start":{"line":11,"column":0},"end":{"line":43,"column":2}},"9":{"start":{"line":12,"column":2},"end":{"line":12,"column":19}},"10":{"start":{"line":13,"column":2},"end":{"line":13,"column":32}},"11":{"start":{"line":15,"column":2},"end":{"line":15,"column":74}},"12":{"start":{"line":17,"column":2},"end":{"line":38,"column":5}},"13":{"start":{"line":18,"column":4},"end":{"line":18,"column":49}},"14":{"start":{"line":19,"column":4},"end":{"line":19,"column":39}},"15":{"start":{"line":21,"column":4},"end":{"line":21,"column":27}},"16":{"start":{"line":22,"column":4},"end":{"line":37,"column":6}},"17":{"start":{"line":39,"column":2},"end":{"line":42,"column":4}},"18":{"start":{"line":44,"column":0},"end":{"line":44,"column":47}},"19":{"start":{"line":46,"column":0},"end":{"line":128,"column":2}}},"branchMap":{"1":{"line":19,"type":"binary-expr","locations":[{"start":{"line":19,"column":21},"end":{"line":19,"column":26}},{"start":{"line":19,"column":30},"end":{"line":19,"column":38}}]}}}}